This file contains any messages produced by compilers while
running configure, to aid debugging if configure makes a mistake.

It was created by RADS configure 4.4.0, which was
generated by GNU Autoconf 2.71.  Invocation command line was

  $ ./configure --prefix=/opt/local --datadir=/Users/davidtrossman/Documents/Code/rads/data --with-netcdf-lib=/opt/local/lib/ --with-netcdf-inc=/opt/local/include/ --enable-devel FC=/opt/local/bin/gfortran-mp-12 --oldincludedir=/Users/davidtrossman/Documents/Code/rads/altim/include ALTIM=/Users/davidtrossman/Documents/Code/rads/altim

## --------- ##
## Platform. ##
## --------- ##

hostname = Davids-MacBook-Pro-2.local
uname -m = arm64
uname -r = 22.2.0
uname -s = Darwin
uname -v = Darwin Kernel Version 22.2.0: Fri Nov 11 02:06:26 PST 2022; root:xnu-8792.61.2~4/RELEASE_ARM64_T8112

/usr/bin/uname -p = arm
/bin/uname -X     = unknown

/bin/arch              = unknown
/usr/bin/arch -k       = unknown
/usr/convex/getsysinfo = unknown
/usr/bin/hostinfo      = Mach kernel version:
	 Darwin Kernel Version 22.2.0: Fri Nov 11 02:06:26 PST 2022; root:xnu-8792.61.2~4/RELEASE_ARM64_T8112
Kernel configured for up to 8 processors.
8 processors are physically available.
8 processors are logically available.
Processor type: arm64e (ARM64E)
Processors active: 0 1 2 3 4 5 6 7
Primary memory available: 24.00 gigabytes
Default processor set: 431 tasks, 2028 threads, 8 processors
Load average: 0.98, Mach factor: 7.01
/bin/machine           = unknown
/usr/bin/oslevel       = unknown
/bin/universe          = unknown

PATH: /opt/local/bin/
PATH: /opt/local/sbin/
PATH: /usr/local/bin/
PATH: /System/Cryptexes/App/usr/bin/
PATH: /usr/bin/
PATH: /bin/
PATH: /usr/sbin/
PATH: /sbin/
PATH: /Library/Apple/usr/bin/


## ----------- ##
## Core tests. ##
## ----------- ##

configure:2307: looking for aux files: install-sh config.guess config.sub
configure:2320:  trying ./
configure:2331:   ./install-sh found
configure:2349:   ./config.guess found
configure:2349:   ./config.sub found
configure:2461: RADS, version 4.4.0
configure:2480: checking build system type
configure:2495: result: aarch64-apple-darwin22.2.0
configure:2515: checking host system type
configure:2529: result: aarch64-apple-darwin22.2.0
configure:2549: checking target system type
configure:2563: result: aarch64-apple-darwin22.2.0
configure:2630: checking user options
configure:2639: checking whether debugging is desired
configure:2646: result: no
configure:2652: checking whether developer tools are desired
configure:2657: result: yes
configure:2667: checking for nf-config
configure:2690: found /opt/local/bin/nf-config
configure:2702: result: /opt/local/bin/nf-config
configure:2720: checking for Fortran 90 compiler
configure:2730: result: /opt/local/bin/gfortran-mp-12
configure:2741: finding Fortran 90 compiler
configure:2859: checking for Fortran compiler version
configure:2868: /opt/local/bin/gfortran-mp-12 --version >&5
GNU Fortran (MacPorts gcc12 12.2.0_2+stdlib_flag) 12.2.0
Copyright (C) 2022 Free Software Foundation, Inc.
This is free software; see the source for copying conditions.  There is NO
warranty; not even for MERCHANTABILITY or FITNESS FOR A PARTICULAR PURPOSE.

configure:2879: $? = 0
configure:2868: /opt/local/bin/gfortran-mp-12 -v >&5
Using built-in specs.
COLLECT_GCC=/opt/local/bin/gfortran-mp-12
COLLECT_LTO_WRAPPER=/opt/local/libexec/gcc/arm64-apple-darwin22/12.2.0/lto-wrapper
Target: arm64-apple-darwin22
Configured with: /opt/local/var/macports/build/_opt_local_var_macports_sources_rsync.macports.org_macports_release_tarballs_ports_lang_gcc12/gcc12/work/gcc-12.2.0/configure --prefix=/opt/local --build=arm64-apple-darwin22 --enable-languages=c,c++,objc,obj-c++,lto,fortran,jit --libdir=/opt/local/lib/gcc12 --includedir=/opt/local/include/gcc12 --infodir=/opt/local/share/info --mandir=/opt/local/share/man --datarootdir=/opt/local/share/gcc-12 --with-local-prefix=/opt/local --with-system-zlib --disable-nls --program-suffix=-mp-12 --with-gxx-include-dir=/opt/local/include/gcc12/c++/ --with-gmp=/opt/local --with-mpfr=/opt/local --with-mpc=/opt/local --with-isl=/opt/local --with-zstd=/opt/local --enable-checking=release --disable-multilib --enable-lto --enable-libstdcxx-time --with-build-config=bootstrap-debug --with-as=/opt/local/bin/as --with-ld=/opt/local/bin/ld --with-ar=/opt/local/bin/ar --with-bugurl=https://trac.macports.org/newticket --enable-host-shared --with-darwin-extra-rpath=/opt/local/lib/libgcc --with-libiconv-prefix=/opt/local --disable-tls --with-gxx-libcxx-include-dir=/opt/local/libexec/gcc12/libc++/include/c++/v1 --with-pkgversion='MacPorts gcc12 12.2.0_2+stdlib_flag' --with-sysroot=/Library/Developer/CommandLineTools/SDKs/MacOSX13.sdk
Thread model: posix
Supported LTO compression algorithms: zlib zstd
gcc version 12.2.0 (MacPorts gcc12 12.2.0_2+stdlib_flag) 
configure:2879: $? = 0
configure:2868: /opt/local/bin/gfortran-mp-12 -V >&5
gfortran-mp-12: error: unrecognized command-line option '-V'
gfortran-mp-12: fatal error: no input files
compilation terminated.
configure:2879: $? = 1
configure:2868: /opt/local/bin/gfortran-mp-12 -qversion >&5
gfortran-mp-12: error: unrecognized command-line option '-qversion'; did you mean '--version'?
gfortran-mp-12: fatal error: no input files
compilation terminated.
configure:2879: $? = 1
configure:2894: checking whether the Fortran compiler works
configure:2916: /opt/local/bin/gfortran-mp-12    conftest.f  >&5
configure:2920: $? = 0
configure:2970: result: yes
configure:2973: checking for Fortran compiler default output file name
configure:2975: result: a.out
configure:2981: checking for suffix of executables
configure:2988: /opt/local/bin/gfortran-mp-12 -o conftest    conftest.f  >&5
configure:2992: $? = 0
configure:3015: result: 
configure:3031: checking whether we are cross compiling
configure:3039: /opt/local/bin/gfortran-mp-12 -o conftest    conftest.f  >&5
configure:3043: $? = 0
configure:3050: ./conftest
configure:3054: $? = 0
configure:3069: result: no
configure:3074: checking for suffix of object files
configure:3091: /opt/local/bin/gfortran-mp-12 -c   conftest.f >&5
configure:3095: $? = 0
configure:3117: result: o
configure:3125: checking whether the compiler supports GNU Fortran
configure:3139: /opt/local/bin/gfortran-mp-12 -c   conftest.F >&5
configure:3139: $? = 0
configure:3149: result: yes
configure:3157: checking whether /opt/local/bin/gfortran-mp-12 accepts -g
configure:3178: result: no
configure:3215: setting up Fortran 90
configure:3229: checking for Fortran flag to compile .f90 files
configure:3250: /opt/local/bin/gfortran-mp-12 -c -O2  conftest.f90 >&5
configure:3250: $? = 0
configure:3260: result: none
configure:3285: checking for Fortran flag needed to accept free-form source
configure:3305: /opt/local/bin/gfortran-mp-12 -c -O2  conftest.f90 >&5
configure:3305: $? = 0
configure:3315: result: none
configure:3339: checking for Fortran flag needed to accept 132 column source lines
configure:3362: /opt/local/bin/gfortran-mp-12 -c -O2  conftest.f90 >&5
configure:3362: $? = 0
configure:3372: result: none
configure:3388: checking Fortran 90 module inclusion flag
configure:3411: /opt/local/bin/gfortran-mp-12 -c -O2  conftest.f90 >&5
configure:3411: $? = 0
configure:3426: /opt/local/bin/gfortran-mp-12 -c -O2 -Mconftest.dir -Mconftest.dir  conftest.f90 >&5
gfortran-mp-12: error: unrecognized command-line option '-Mconftest.dir'
gfortran-mp-12: error: unrecognized command-line option '-Mconftest.dir'
configure:3426: $? = 1
configure: failed program was:
| 
|       program main
|       use conftest_module
|       call conftest_routine
|       end program
configure:3426: /opt/local/bin/gfortran-mp-12 -c -O2 -Iconftest.dir -Iconftest.dir  conftest.f90 >&5
configure:3426: $? = 0
configure:3447: result: -I
configure:3465: checking how to get verbose linking output from /opt/local/bin/gfortran-mp-12
configure:3476: /opt/local/bin/gfortran-mp-12 -c -O2  conftest.f90 >&5
configure:3476: $? = 0
configure:3495: /opt/local/bin/gfortran-mp-12 -o conftest -O2 -v conftest.f90
Using built-in specs.
Target: arm64-apple-darwin22
Thread model: posix
Supported LTO compression algorithms: zlib zstd
gcc version 12.2.0 (MacPorts gcc12 12.2.0_2+stdlib_flag) 
 /opt/local/libexec/gcc/arm64-apple-darwin22/12.2.0/f951 conftest.f90 -fPIC -quiet -dumpbase conftest.f90 -dumpbase-ext .f90 -mmacosx-version-min=13.0.0 -mlittle-endian -mabi=lp64 -O2 -version -fintrinsic-modules-path /opt/local/lib/gcc12/gcc/arm64-apple-darwin22/12.2.0/finclude -o /var/tmp//ccrg2oQs.s
GNU Fortran (MacPorts gcc12 12.2.0_2+stdlib_flag) version 12.2.0 (arm64-apple-darwin22)
	compiled by GNU C version 12.2.0, GMP version 6.2.1, MPFR version 4.1.0, MPC version 1.2.1, isl version isl-0.24-GMP

warning: MPFR header version 4.1.0 differs from library version 4.1.1.
warning: MPC header version 1.2.1 differs from library version 1.3.0.
GGC heuristics: --param ggc-min-expand=100 --param ggc-min-heapsize=131072
GNU Fortran2008 (MacPorts gcc12 12.2.0_2+stdlib_flag) version 12.2.0 (arm64-apple-darwin22)
	compiled by GNU C version 12.2.0, GMP version 6.2.1, MPFR version 4.1.0, MPC version 1.2.1, isl version isl-0.24-GMP

warning: MPFR header version 4.1.0 differs from library version 4.1.1.
warning: MPC header version 1.2.1 differs from library version 1.3.0.
GGC heuristics: --param ggc-min-expand=100 --param ggc-min-heapsize=131072
 /opt/local/bin/as -arch arm64 -v -mmacosx-version-min=13.0 -o /var/tmp//ccyTrCaA.o /var/tmp//ccrg2oQs.s
Apple clang version 14.0.0 (clang-1400.0.29.202)
Target: arm64-apple-darwin22.2.0
Thread model: posix
InstalledDir: /Applications/Xcode.app/Contents/Developer/Toolchains/XcodeDefault.xctoolchain/usr/bin
 "/Applications/Xcode.app/Contents/Developer/Toolchains/XcodeDefault.xctoolchain/usr/bin/clang" -cc1as -triple arm64-apple-macosx13.0.0 -filetype obj -main-file-name ccrg2oQs.s -target-cpu apple-m1 -target-feature +v8.5a -target-feature +fp-armv8 -target-feature +neon -target-feature +crc -target-feature +crypto -target-feature +dotprod -target-feature +fp16fml -target-feature +ras -target-feature +lse -target-feature +rdm -target-feature +rcpc -target-feature +zcm -target-feature +zcz -target-feature +fullfp16 -target-feature +sm4 -target-feature +sha3 -target-feature +sha2 -target-feature +aes -fdebug-compilation-dir=/Users/davidtrossman/Documents/Code/rads -dwarf-debug-producer "Apple clang version 14.0.0 (clang-1400.0.29.202)" -dwarf-version=4 -mrelocation-model pic --mrelax-relocations -mllvm -disable-aligned-alloc-awareness=1 -o /var/tmp//ccyTrCaA.o /var/tmp//ccrg2oQs.s
Reading specs from /opt/local/lib/gcc12/gcc/arm64-apple-darwin22/12.2.0/../../../libgfortran.spec
rename spec lib to liborig
 /opt/local/libexec/gcc/arm64-apple-darwin22/12.2.0/collect2 -syslibroot /Library/Developer/CommandLineTools/SDKs/MacOSX13.sdk/ -dynamic -arch arm64 -macosx_version_min 13.0.0 -o conftest -L/opt/local/lib/gcc12/gcc/arm64-apple-darwin22/12.2.0 -L/opt/local/lib/gcc12/gcc/arm64-apple-darwin22/12.2.0/../../.. /var/tmp//ccyTrCaA.o -lgfortran -lemutls_w -lgcc -lquadmath -lemutls_w -lgcc -lSystem -lgcc -no_compact_unwind -rpath /opt/local/lib/libgcc -rpath @loader_path -rpath /opt/local/lib/gcc12/gcc/arm64-apple-darwin22/12.2.0 -rpath /opt/local/lib/gcc12
configure:3578: result: -v
configure:3580: checking for Fortran libraries of /opt/local/bin/gfortran-mp-12
configure:3604: /opt/local/bin/gfortran-mp-12 -o conftest -O2 -v conftest.f90
Using built-in specs.
Target: arm64-apple-darwin22
Thread model: posix
Supported LTO compression algorithms: zlib zstd
gcc version 12.2.0 (MacPorts gcc12 12.2.0_2+stdlib_flag) 
 /opt/local/libexec/gcc/arm64-apple-darwin22/12.2.0/f951 conftest.f90 -fPIC -quiet -dumpbase conftest.f90 -dumpbase-ext .f90 -mmacosx-version-min=13.0.0 -mlittle-endian -mabi=lp64 -O2 -version -fintrinsic-modules-path /opt/local/lib/gcc12/gcc/arm64-apple-darwin22/12.2.0/finclude -o /var/tmp//cc8EazJD.s
GNU Fortran (MacPorts gcc12 12.2.0_2+stdlib_flag) version 12.2.0 (arm64-apple-darwin22)
	compiled by GNU C version 12.2.0, GMP version 6.2.1, MPFR version 4.1.0, MPC version 1.2.1, isl version isl-0.24-GMP

warning: MPFR header version 4.1.0 differs from library version 4.1.1.
warning: MPC header version 1.2.1 differs from library version 1.3.0.
GGC heuristics: --param ggc-min-expand=100 --param ggc-min-heapsize=131072
GNU Fortran2008 (MacPorts gcc12 12.2.0_2+stdlib_flag) version 12.2.0 (arm64-apple-darwin22)
	compiled by GNU C version 12.2.0, GMP version 6.2.1, MPFR version 4.1.0, MPC version 1.2.1, isl version isl-0.24-GMP

warning: MPFR header version 4.1.0 differs from library version 4.1.1.
warning: MPC header version 1.2.1 differs from library version 1.3.0.
GGC heuristics: --param ggc-min-expand=100 --param ggc-min-heapsize=131072
 /opt/local/bin/as -arch arm64 -v -mmacosx-version-min=13.0 -o /var/tmp//ccg7pI3I.o /var/tmp//cc8EazJD.s
Apple clang version 14.0.0 (clang-1400.0.29.202)
Target: arm64-apple-darwin22.2.0
Thread model: posix
InstalledDir: /Applications/Xcode.app/Contents/Developer/Toolchains/XcodeDefault.xctoolchain/usr/bin
 "/Applications/Xcode.app/Contents/Developer/Toolchains/XcodeDefault.xctoolchain/usr/bin/clang" -cc1as -triple arm64-apple-macosx13.0.0 -filetype obj -main-file-name cc8EazJD.s -target-cpu apple-m1 -target-feature +v8.5a -target-feature +fp-armv8 -target-feature +neon -target-feature +crc -target-feature +crypto -target-feature +dotprod -target-feature +fp16fml -target-feature +ras -target-feature +lse -target-feature +rdm -target-feature +rcpc -target-feature +zcm -target-feature +zcz -target-feature +fullfp16 -target-feature +sm4 -target-feature +sha3 -target-feature +sha2 -target-feature +aes -fdebug-compilation-dir=/Users/davidtrossman/Documents/Code/rads -dwarf-debug-producer "Apple clang version 14.0.0 (clang-1400.0.29.202)" -dwarf-version=4 -mrelocation-model pic --mrelax-relocations -mllvm -disable-aligned-alloc-awareness=1 -o /var/tmp//ccg7pI3I.o /var/tmp//cc8EazJD.s
Reading specs from /opt/local/lib/gcc12/gcc/arm64-apple-darwin22/12.2.0/../../../libgfortran.spec
rename spec lib to liborig
 /opt/local/libexec/gcc/arm64-apple-darwin22/12.2.0/collect2 -syslibroot /Library/Developer/CommandLineTools/SDKs/MacOSX13.sdk/ -dynamic -arch arm64 -macosx_version_min 13.0.0 -o conftest -L/opt/local/lib/gcc12/gcc/arm64-apple-darwin22/12.2.0 -L/opt/local/lib/gcc12/gcc/arm64-apple-darwin22/12.2.0/../../.. /var/tmp//ccg7pI3I.o -lgfortran -lemutls_w -lgcc -lquadmath -lemutls_w -lgcc -lSystem -lgcc -no_compact_unwind -rpath /opt/local/lib/libgcc -rpath @loader_path -rpath /opt/local/lib/gcc12/gcc/arm64-apple-darwin22/12.2.0 -rpath /opt/local/lib/gcc12
configure:3820: result:  -L/opt/local/lib/gcc12/gcc/arm64-apple-darwin22/12.2.0 -L/opt/local/lib/gcc12/gcc/arm64-apple-darwin22/12.2.0/../../.. -lgfortran -lemutls_w -lquadmath
configure:3892: checking for gcc
configure:3913: found /usr/bin/gcc
configure:3924: result: gcc
configure:4277: checking for C compiler version
configure:4286: gcc --version >&5
Apple clang version 14.0.0 (clang-1400.0.29.202)
Target: arm64-apple-darwin22.2.0
Thread model: posix
InstalledDir: /Applications/Xcode.app/Contents/Developer/Toolchains/XcodeDefault.xctoolchain/usr/bin
configure:4297: $? = 0
configure:4286: gcc -v >&5
Apple clang version 14.0.0 (clang-1400.0.29.202)
Target: arm64-apple-darwin22.2.0
Thread model: posix
InstalledDir: /Applications/Xcode.app/Contents/Developer/Toolchains/XcodeDefault.xctoolchain/usr/bin
configure:4297: $? = 0
configure:4286: gcc -V >&5
clang: error: argument to '-V' is missing (expected 1 value)
clang: error: no input files
configure:4297: $? = 1
configure:4286: gcc -qversion >&5
clang: error: unknown argument '-qversion'; did you mean '--version'?
clang: error: no input files
configure:4297: $? = 1
configure:4286: gcc -version >&5
clang: error: unknown argument '-version'; did you mean '--version'?
clang: error: no input files
configure:4297: $? = 1
configure:4301: checking whether the compiler supports GNU C
configure:4329: gcc -c   conftest.c >&5
configure:4329: $? = 0
configure:4339: result: yes
configure:4350: checking whether gcc accepts -g
configure:4439: result: no
configure:4459: checking for gcc option to enable C11 features
configure:4474: gcc  -c -O2  conftest.c >&5
configure:4474: $? = 0
configure:4492: result: none needed
configure:4608: checking for dummy main to link with Fortran libraries
configure:4643: gcc -o conftest -O2   conftest.c   -L/opt/local/lib/gcc12/gcc/arm64-apple-darwin22/12.2.0 -L/opt/local/lib/gcc12/gcc/arm64-apple-darwin22/12.2.0/../../.. -lgfortran -lemutls_w -lquadmath >&5
ld: warning: could not create compact unwind for _emutls_destroy: registers 21 and 22 not saved contiguously in frame
ld: warning: could not create compact unwind for ___emutls_get_address: registers 23 and 24 not saved contiguously in frame
configure:4643: $? = 0
configure:4690: result: none
configure:4721: checking for Fortran name-mangling scheme
configure:4735: /opt/local/bin/gfortran-mp-12 -c -O2  conftest.f90 >&5
configure:4735: $? = 0
configure:4774: gcc -o conftest -O2   conftest.c cfortran_test.o   -L/opt/local/lib/gcc12/gcc/arm64-apple-darwin22/12.2.0 -L/opt/local/lib/gcc12/gcc/arm64-apple-darwin22/12.2.0/../../.. -lgfortran -lemutls_w -lquadmath >&5
ld: warning: could not create compact unwind for _emutls_destroy: registers 21 and 22 not saved contiguously in frame
ld: warning: could not create compact unwind for ___emutls_get_address: registers 23 and 24 not saved contiguously in frame
Undefined symbols for architecture arm64:
  "_foobar", referenced from:
      _main in conftest-527de4.o
     (maybe you meant: _foobar_)
ld: symbol(s) not found for architecture arm64
clang: error: linker command failed with exit code 1 (use -v to see invocation)
configure:4774: $? = 1
configure: failed program was:
| /* confdefs.h */
| #define PACKAGE_NAME "RADS"
| #define PACKAGE_TARNAME "rads"
| #define PACKAGE_VERSION "4.4.0"
| #define PACKAGE_STRING "RADS 4.4.0"
| #define PACKAGE_BUGREPORT "remko.scharroo@eumetsat.int"
| #define PACKAGE_URL ""
| /* end confdefs.h.  */
| 
| /* Override any GCC internal prototype to avoid an error.
|    Use char because int might match the return type of a GCC
|    builtin and then its argument prototype would still apply.  */
| char foobar ();
| #ifdef FC_DUMMY_MAIN
| #ifndef FC_DUMMY_MAIN_EQ_F77
| #  ifdef __cplusplus
|      extern "C"
| #  endif
|    int FC_DUMMY_MAIN() { return 1; }
| #endif
| #endif
| int
| main (void)
| {
| return foobar ();
|   ;
|   return 0;
| }
configure:4774: gcc -o conftest -O2   conftest.c cfortran_test.o   -L/opt/local/lib/gcc12/gcc/arm64-apple-darwin22/12.2.0 -L/opt/local/lib/gcc12/gcc/arm64-apple-darwin22/12.2.0/../../.. -lgfortran -lemutls_w -lquadmath >&5
ld: warning: could not create compact unwind for _emutls_destroy: registers 21 and 22 not saved contiguously in frame
ld: warning: could not create compact unwind for ___emutls_get_address: registers 23 and 24 not saved contiguously in frame
configure:4774: $? = 0
configure:4830: gcc -o conftest -O2   conftest.c cfortran_test.o   -L/opt/local/lib/gcc12/gcc/arm64-apple-darwin22/12.2.0 -L/opt/local/lib/gcc12/gcc/arm64-apple-darwin22/12.2.0/../../.. -lgfortran -lemutls_w -lquadmath >&5
ld: warning: could not create compact unwind for _emutls_destroy: registers 21 and 22 not saved contiguously in frame
ld: warning: could not create compact unwind for ___emutls_get_address: registers 23 and 24 not saved contiguously in frame
configure:4830: $? = 0
configure:4873: result: lower case, underscore, no extra underscore
configure:4911: checking if /opt/local/bin/gfortran-mp-12 can handle Fortran 90
configure:4919: /opt/local/bin/gfortran-mp-12 -O2 conftest.f90 -o conftest.exe
configure:4922: $? = 0
configure:4924: result: yes
configure:4934: checking for additional compiler flags (for developers)
configure:4953: result: 
configure:4976: checking for NetCDF includes
configure:4985: result: -I/opt/local/include/
configure:4989: checking for NetCDF libraries
configure:5002: result: -L/opt/local/lib/ -lnetcdff -lnetcdf
configure:5009: checking if /opt/local/bin/gfortran-mp-12 can compile a simple NetCDF program
configure:5021: /opt/local/bin/gfortran-mp-12 -O2 conftest.f90 -o conftest.exe -I/opt/local/include/ -L/opt/local/lib/ -lnetcdff -lnetcdf
configure:5024: $? = 0
configure:5026: result: yes
configure:5029: result: Succeeded to compile Fortran 90 code with NetCDF version 4.9.0 of Dec  1 2022 17:01:16 $                                                 
configure:5061: checking for lapack options (for developers)
configure:5070: result: 
configure:5081: checking for stdio.h
configure:5081: gcc -c -O2  conftest.c >&5
configure:5081: $? = 0
configure:5081: result: yes
configure:5081: checking for stdlib.h
configure:5081: gcc -c -O2  conftest.c >&5
configure:5081: $? = 0
configure:5081: result: yes
configure:5081: checking for string.h
configure:5081: gcc -c -O2  conftest.c >&5
configure:5081: $? = 0
configure:5081: result: yes
configure:5081: checking for inttypes.h
configure:5081: gcc -c -O2  conftest.c >&5
configure:5081: $? = 0
configure:5081: result: yes
configure:5081: checking for stdint.h
configure:5081: gcc -c -O2  conftest.c >&5
configure:5081: $? = 0
configure:5081: result: yes
configure:5081: checking for strings.h
configure:5081: gcc -c -O2  conftest.c >&5
configure:5081: $? = 0
configure:5081: result: yes
configure:5081: checking for sys/stat.h
configure:5081: gcc -c -O2  conftest.c >&5
configure:5081: $? = 0
configure:5081: result: yes
configure:5081: checking for sys/types.h
configure:5081: gcc -c -O2  conftest.c >&5
configure:5081: $? = 0
configure:5081: result: yes
configure:5081: checking for unistd.h
configure:5081: gcc -c -O2  conftest.c >&5
configure:5081: $? = 0
configure:5081: result: yes
configure:5106: checking whether byte ordering is bigendian
configure:5122: gcc -c -O2  conftest.c >&5
configure:5122: $? = 0
configure:5176: gcc -c -O2  conftest.c >&5
configure:5176: $? = 0
configure:5203: gcc -c -O2  conftest.c >&5
conftest.c:34:4: error: use of undeclared identifier 'not'
                 not big endian
                 ^
1 error generated.
configure:5203: $? = 1
configure: failed program was:
| /* confdefs.h */
| #define PACKAGE_NAME "RADS"
| #define PACKAGE_TARNAME "rads"
| #define PACKAGE_VERSION "4.4.0"
| #define PACKAGE_STRING "RADS 4.4.0"
| #define PACKAGE_BUGREPORT "remko.scharroo@eumetsat.int"
| #define PACKAGE_URL ""
| #define HAVE_STDIO_H 1
| #define HAVE_STDLIB_H 1
| #define HAVE_STRING_H 1
| #define HAVE_INTTYPES_H 1
| #define HAVE_STDINT_H 1
| #define HAVE_STRINGS_H 1
| #define HAVE_SYS_STAT_H 1
| #define HAVE_SYS_TYPES_H 1
| #define HAVE_UNISTD_H 1
| #define STDC_HEADERS 1
| /* end confdefs.h.  */
| #include <sys/types.h>
| 		#include <sys/param.h>
| 
| #ifdef FC_DUMMY_MAIN
| #ifndef FC_DUMMY_MAIN_EQ_F77
| #  ifdef __cplusplus
|      extern "C"
| #  endif
|    int FC_DUMMY_MAIN() { return 1; }
| #endif
| #endif
| int
| main (void)
| {
| #if BYTE_ORDER != BIG_ENDIAN
| 		 not big endian
| 		#endif
| 
|   ;
|   return 0;
| }
configure:5369: result: no
configure:5388: finding other utilities
configure:5390: checking whether ln -s works
configure:5394: result: yes
configure:5449: checking for ranlib
configure:5470: found /opt/local/bin/ranlib
configure:5481: result: ranlib
configure:5518: checking for a BSD-compatible install
configure:5591: result: /opt/local/bin/ginstall -c
configure:5770: creating ./config.status

## ---------------------- ##
## Running config.status. ##
## ---------------------- ##

This file was extended by RADS config.status 4.4.0, which was
generated by GNU Autoconf 2.71.  Invocation command line was

  CONFIG_FILES    = 
  CONFIG_HEADERS  = 
  CONFIG_LINKS    = 
  CONFIG_COMMANDS = 
  $ ./config.status 

on Davids-MacBook-Pro-2.local

config.status:757: creating config.mk
config.status:757: creating src/rads-config
config.status:757: creating doc/manuals/rads_config.tex

## ---------------- ##
## Cache variables. ##
## ---------------- ##

ac_cv_build=aarch64-apple-darwin22.2.0
ac_cv_c_bigendian=no
ac_cv_c_compiler_gnu=yes
ac_cv_env_CC_set=
ac_cv_env_CC_value=
ac_cv_env_CFLAGS_set=
ac_cv_env_CFLAGS_value=
ac_cv_env_CPPFLAGS_set=
ac_cv_env_CPPFLAGS_value=
ac_cv_env_FCFLAGS_set=
ac_cv_env_FCFLAGS_value=
ac_cv_env_FC_set=set
ac_cv_env_FC_value=/opt/local/bin/gfortran-mp-12
ac_cv_env_LDFLAGS_set=
ac_cv_env_LDFLAGS_value=
ac_cv_env_LIBS_set=
ac_cv_env_LIBS_value=
ac_cv_env_build_alias_set=
ac_cv_env_build_alias_value=
ac_cv_env_host_alias_set=
ac_cv_env_host_alias_value=
ac_cv_env_target_alias_set=
ac_cv_env_target_alias_value=
ac_cv_fc_compiler_gnu=yes
ac_cv_fc_dummy_main=none
ac_cv_fc_freeform=none
ac_cv_fc_libs=' -L/opt/local/lib/gcc12/gcc/arm64-apple-darwin22/12.2.0 -L/opt/local/lib/gcc12/gcc/arm64-apple-darwin22/12.2.0/../../.. -lgfortran -lemutls_w -lquadmath'
ac_cv_fc_line_length=none
ac_cv_fc_mangling='lower case, underscore, no extra underscore'
ac_cv_fc_module_flag=-I
ac_cv_fc_srcext_f90=none
ac_cv_fortran_dummy_main=none
ac_cv_header_inttypes_h=yes
ac_cv_header_stdint_h=yes
ac_cv_header_stdio_h=yes
ac_cv_header_stdlib_h=yes
ac_cv_header_string_h=yes
ac_cv_header_strings_h=yes
ac_cv_header_sys_stat_h=yes
ac_cv_header_sys_types_h=yes
ac_cv_header_unistd_h=yes
ac_cv_host=aarch64-apple-darwin22.2.0
ac_cv_objext=o
ac_cv_path_install='/opt/local/bin/ginstall -c'
ac_cv_path_nf_config=/opt/local/bin/nf-config
ac_cv_prog_ac_ct_CC=gcc
ac_cv_prog_ac_ct_RANLIB=ranlib
ac_cv_prog_cc_c11=
ac_cv_prog_cc_g=no
ac_cv_prog_cc_stdc=
ac_cv_prog_fc_g=no
ac_cv_prog_fc_v=-v
ac_cv_target=aarch64-apple-darwin22.2.0

## ----------------- ##
## Output variables. ##
## ----------------- ##

ALTIM='/Users/davidtrossman/Documents/Code/rads/altim'
CC='gcc'
CFLAGS='-O2'
CONFIGURE_OPTIONS='--prefix=/opt/local --datadir=/Users/davidtrossman/Documents/Code/rads/data --with-netcdf-lib=/opt/local/lib/ --with-netcdf-inc=/opt/local/include/ --enable-devel FC=/opt/local/bin/gfortran-mp-12 --oldincludedir=/Users/davidtrossman/Documents/Code/rads/altim/include ALTIM=/Users/davidtrossman/Documents/Code/rads/altim'
CPPFLAGS=''
DEFS='-DPACKAGE_NAME=\"RADS\" -DPACKAGE_TARNAME=\"rads\" -DPACKAGE_VERSION=\"4.4.0\" -DPACKAGE_STRING=\"RADS\ 4.4.0\" -DPACKAGE_BUGREPORT=\"remko.scharroo@eumetsat.int\" -DPACKAGE_URL=\"\" -DHAVE_STDIO_H=1 -DHAVE_STDLIB_H=1 -DHAVE_STRING_H=1 -DHAVE_INTTYPES_H=1 -DHAVE_STDINT_H=1 -DHAVE_STRINGS_H=1 -DHAVE_SYS_STAT_H=1 -DHAVE_SYS_TYPES_H=1 -DHAVE_UNISTD_H=1 -DSTDC_HEADERS=1'
DEVEL_DIRS='devel'
DEVEL_FLAGS=' -I../devel -I${ALTIM}/include'
DEVEL_OBJS='${ALTIM}/src/rssubs/tpj_subs.o ${ALTIM}/src/rssubs/solar_subs.o'
ECHO_C='\c'
ECHO_N=''
ECHO_T=''
EXEEXT=''
FC='/opt/local/bin/gfortran-mp-12'
FCFLAGS='-O2'
FCFLAGS_f90=''
FCLIBS=' -L/opt/local/lib/gcc12/gcc/arm64-apple-darwin22/12.2.0 -L/opt/local/lib/gcc12/gcc/arm64-apple-darwin22/12.2.0/../../.. -lgfortran -lemutls_w -lquadmath'
FC_MODINC='-I'
FC_name='fc_name_'
INSTALL_DATA='${INSTALL} -m 644 -C'
INSTALL_DIR='${INSTALL} -d'
INSTALL_PROGRAM='${INSTALL} -C'
INSTALL_SCRIPT='${INSTALL} -C'
LAPACK_LIB=''
LDFLAGS=''
LIBOBJS=''
LIBS=''
LITTLE_ENDIAN='true'
LN_S='ln -s'
LTLIBOBJS=''
MOD_FLAG='-I'
NETCDF_INC='-I/opt/local/include/'
NETCDF_LIB='-L/opt/local/lib/ -lnetcdff -lnetcdf'
OBJEXT='o'
PACKAGE_BUGREPORT='remko.scharroo@eumetsat.int'
PACKAGE_NAME='RADS'
PACKAGE_STRING='RADS 4.4.0'
PACKAGE_TARNAME='rads'
PACKAGE_URL=''
PACKAGE_VERSION='4.4.0'
PATH_SEPARATOR=':'
RANLIB='ranlib'
SHELL='/bin/sh'
ac_ct_CC='gcc'
ac_ct_FC=''
ac_empty=''
bindir='${exec_prefix}/bin'
build='aarch64-apple-darwin22.2.0'
build_alias=''
build_cpu='aarch64'
build_os='darwin22.2.0'
build_vendor='apple'
datadir='/Users/davidtrossman/Documents/Code/rads/data'
datarootdir='${prefix}/share'
docdir='${datarootdir}/doc/${PACKAGE_TARNAME}'
dvidir='${docdir}'
exec_prefix='${prefix}'
host='aarch64-apple-darwin22.2.0'
host_alias=''
host_cpu='aarch64'
host_os='darwin22.2.0'
host_vendor='apple'
htmldir='${docdir}'
includedir='${prefix}/include'
infodir='${datarootdir}/info'
libdir='${exec_prefix}/lib'
libexecdir='${exec_prefix}/libexec'
localedir='${datarootdir}/locale'
localstatedir='${prefix}/var'
mandir='${datarootdir}/man'
nf_config='/opt/local/bin/nf-config'
oldincludedir='/Users/davidtrossman/Documents/Code/rads/altim/include'
pdfdir='${docdir}'
prefix='/opt/local'
program_transform_name='s,x,x,'
psdir='${docdir}'
runstatedir='${localstatedir}/run'
sbindir='${exec_prefix}/sbin'
sharedstatedir='${prefix}/com'
sysconfdir='${prefix}/etc'
target='aarch64-apple-darwin22.2.0'
target_alias=''
target_cpu='aarch64'
target_os='darwin22.2.0'
target_vendor='apple'

## ----------- ##
## confdefs.h. ##
## ----------- ##

/* confdefs.h */
#define PACKAGE_NAME "RADS"
#define PACKAGE_TARNAME "rads"
#define PACKAGE_VERSION "4.4.0"
#define PACKAGE_STRING "RADS 4.4.0"
#define PACKAGE_BUGREPORT "remko.scharroo@eumetsat.int"
#define PACKAGE_URL ""
#define HAVE_STDIO_H 1
#define HAVE_STDLIB_H 1
#define HAVE_STRING_H 1
#define HAVE_INTTYPES_H 1
#define HAVE_STDINT_H 1
#define HAVE_STRINGS_H 1
#define HAVE_SYS_STAT_H 1
#define HAVE_SYS_TYPES_H 1
#define HAVE_UNISTD_H 1
#define STDC_HEADERS 1

configure: exit 0
