 320035800.000  0  -65.1382423  -46.3102933  797548.202  2089039.645 -2186841.532 -6487842.130
 320035801.000  0  -65.0825562  -46.3637457  797531.456  2091365.475 -2193369.366 -6484887.653
 320035802.000  0  -65.0268534  -46.4169928  797514.675  2093688.100 -2199895.176 -6481926.139
 320035803.000  0  -64.9711341  -46.4700358  797497.859  2096007.519 -2206418.955 -6478957.591
 320035804.000  0  -64.9153982  -46.5228762  797481.009  2098323.729 -2212940.696 -6475982.010
 320035805.000  0  -64.8596460  -46.5755151  797464.124  2100636.727 -2219460.390 -6472999.402
 320035806.000  0  -64.8038775  -46.6279539  797447.205  2102946.512 -2225978.031 -6470009.769
 320035807.000  0  -64.7480928  -46.6801939  797430.251  2105253.082 -2232493.611 -6467013.114
 320035808.000  0  -64.6922921  -46.7322362  797413.263  2107556.434 -2239007.122 -6464009.440
 320035809.000  0  -64.6364754  -46.7840822  797396.241  2109856.566 -2245518.557 -6460998.752
 320035810.000  0  -64.5806428  -46.8357331  797379.185  2112153.475 -2252027.908 -6457981.051
 320035811.000  0  -64.5247945  -46.8871901  797362.094  2114447.161 -2258535.168 -6454956.341
 320035812.000  0  -64.4689305  -46.9384545  797344.969  2116737.620 -2265040.330 -6451924.625
 320035813.000  0  -64.4130509  -46.9895274  797327.811  2119024.850 -2271543.386 -6448885.907
 320035814.000  0  -64.3571559  -47.0404101  797310.618  2121308.849 -2278044.328 -6445840.190
 320035815.000  0  -64.3012455  -47.0911038  797293.392  2123589.616 -2284543.149 -6442787.478
 320035816.000  0  -64.2453198  -47.1416096  797276.131  2125867.147 -2291039.842 -6439727.772
 320035817.000  0  -64.1893789  -47.1919288  797258.837  2128141.441 -2297534.398 -6436661.078
 320035818.000  0  -64.1334229  -47.2420624  797241.509  2130412.495 -2304026.811 -6433587.397
 320035819.000  0  -64.0774519  -47.2920117  797224.148  2132680.308 -2310517.073 -6430506.734
 320035820.000  0  -64.0214660  -47.3417778  797206.753  2134944.877 -2317005.177 -6427419.091
 320035821.000  0  -63.9654653  -47.3913618  797189.324  2137206.200 -2323491.114 -6424324.473
 320035822.000  0  -63.9094499  -47.4407648  797171.862  2139464.275 -2329974.879 -6421222.881
 320035823.000  0  -63.8534198  -47.4899881  797154.367  2141719.100 -2336456.462 -6418114.320
 320035824.000  0  -63.7973751  -47.5390326  797136.838  2143970.673 -2342935.857 -6414998.793
 320035825.000  0  -63.7413161  -47.5878996  797119.276  2146218.991 -2349413.056 -6411876.304
 320035826.000  0  -63.6852426  -47.6365900  797101.681  2148464.053 -2355888.052 -6408746.855
 320035827.000  0  -63.6291548  -47.6851050  797084.053  2150705.856 -2362360.837 -6405610.450
 320035828.000  0  -63.5730529  -47.7334457  797066.391  2152944.398 -2368831.404 -6402467.092
 320035829.000  0  -63.5169368  -47.7816131  797048.697  2155179.678 -2375299.745 -6399316.785
 320035830.000  0  -63.4608067  -47.8296082  797030.970  2157411.693 -2381765.854 -6396159.532
 320035831.000  0  -63.4046627  -47.8774323  797013.210  2159640.441 -2388229.721 -6392995.336
 320035832.000  0  -63.3485048  -47.9250862  796995.417  2161865.919 -2394691.341 -6389824.202
 320035833.000  0  -63.2923331  -47.9725710  796977.591  2164088.126 -2401150.705 -6386646.131
 320035834.000  0  -63.2361477  -48.0198877  796959.733  2166307.060 -2407607.806 -6383461.129
 320035835.000  0  -63.1799487  -48.0670375  796941.842  2168522.719 -2414062.637 -6380269.197
 320035836.000  0  -63.1237361  -48.1140212  796923.918  2170735.100 -2420515.189 -6377070.340
 320035837.000  0  -63.0675102  -48.1608399  796905.963  2172944.202 -2426965.457 -6373864.562
 320035838.000  0  -63.0112708  -48.2074946  796887.974  2175150.022 -2433413.432 -6370651.864
 320035839.000  0  -62.9550181  -48.2539862  796869.953  2177352.559 -2439859.106 -6367432.251
 320035840.000  0  -62.8987522  -48.3003158  796851.900  2179551.810 -2446302.473 -6364205.727
 320035841.000  0  -62.8424732  -48.3464844  796833.815  2181747.773 -2452743.525 -6360972.295
 320035842.000  0  -62.7861811  -48.3924928  796815.698  2183940.447 -2459182.255 -6357731.957
 320035843.000  0  -62.7298760  -48.4383421  796797.549  2186129.829 -2465618.654 -6354484.719
 320035844.000  0  -62.6735580  -48.4840332  796779.367  2188315.917 -2472052.716 -6351230.583
 320035845.000  0  -62.6172271  -48.5295670  796761.154  2190498.709 -2478484.434 -6347969.552
 320035846.000  0  -62.5608835  -48.5749446  796742.909  2192678.203 -2484913.799 -6344701.631
 320035847.000  0  -62.5045272  -48.6201667  796724.631  2194854.398 -2491340.804 -6341426.822
 320035848.000  0  -62.4481582  -48.6652345  796706.323  2197027.291 -2497765.443 -6338145.130
 320035849.000  0  -62.3917767  -48.7101486  796687.982  2199196.879 -2504187.707 -6334856.557
 320035850.000  0  -62.3353828  -48.7549102  796669.610  2201363.162 -2510607.589 -6331561.108
 320035851.000  0  -62.2789764  -48.7995200  796651.207  2203526.137 -2517025.082 -6328258.786
 320035852.000  0  -62.2225577  -48.8439790  796632.771  2205685.802 -2523440.178 -6324949.594
 320035853.000  0  -62.1661268  -48.8882881  796614.305  2207842.156 -2529852.870 -6321633.536
 320035854.000  0  -62.1096836  -48.9324481  796595.807  2209995.195 -2536263.151 -6318310.615
 320035855.000  0  -62.0532284  -48.9764599  796577.278  2212144.918 -2542671.013 -6314980.835
 320035856.000  0  -61.9967610  -49.0203244  796558.718  2214291.324 -2549076.448 -6311644.201
 320035857.000  0  -61.9402817  -49.0640424  796540.126  2216434.410 -2555479.450 -6308300.714
 320035858.000  0  -61.8837905  -49.1076149  796521.504  2218574.174 -2561880.010 -6304950.379
 320035859.000  0  -61.8272874  -49.1510427  796502.850  2220710.614 -2568278.122 -6301593.200
 320035860.000  0  -61.7707725  -49.1943265  796484.166  2222843.729 -2574673.778 -6298229.179
