xODR ERS-1     Rep:168.000  Arc:   378  Rec: 7921  Ver:  405  Beg:950221 23:22:44
950222 02:24:00  -20.3655260  118.3338915  779602.578
950222 02:25:00  -23.9204077  117.4670582  780871.414
950222 02:26:00  -27.4701974  116.5657534  782221.838
950222 02:27:00  -31.0140749  115.6216032  783638.150
950222 02:28:00  -34.5511216  114.6244203  785103.484
950222 02:29:00  -38.0802733  113.5615651  786600.031
950222 02:30:00  -41.6002536  112.4170438  788109.277
950222 02:31:00  -45.1094735  111.1702080  789612.278
950222 02:32:00  -48.6058821  109.7938295  791089.974
950222 02:33:00  -52.0867368  108.2511757  792523.491
950222 02:34:00  -55.5482385  106.4914354  793894.437
950222 02:35:00  -58.9849341  104.4423310  795185.174
950222 02:36:00  -62.3886942  101.9977631  796379.062
950222 02:37:00  -65.7468861   98.9963689  797460.679
950222 02:38:00  -69.0389324   95.1829278  798416.008
950222 02:39:00  -72.2294568   90.1369665  799232.657
950222 02:40:00  -75.2539082   83.1417828  799900.052
950222 02:41:00  -77.9877072   72.9769302  800409.591
950222 02:42:00  -80.1863220   57.8306374  800754.758
950222 02:43:00  -81.4286646   36.5466611  800931.223
950222 02:44:00  -81.2957211   12.4540417  800936.910
950222 02:45:00  -79.8413215   -7.7702319  800772.009
950222 02:46:00  -77.5187853  -21.8617141  800438.935
950222 02:47:00  -74.7183142  -31.3264714  799942.287
950222 02:48:00  -71.6567485  -37.8922463  799288.797
950222 02:49:00  -68.4442014  -42.6704918  798487.218
950222 02:50:00  -65.1382423  -46.3102933  797548.202
950222 02:51:00  -61.7707725  -49.1943265  796484.166
950222 02:52:00  -58.3605419  -51.5565795  795309.161
950222 02:53:00  -54.9191657  -53.5460884  794038.705
950222 02:54:00  -51.4541774  -55.2615142  792689.550
950222 02:55:00  -47.9706659  -56.7704743  791279.387
950222 02:56:00  -44.4721986  -58.1207586  789826.556
950222 02:57:00  -40.9613669  -59.3470807  788349.766
950222 02:58:00  -37.4401209  -60.4752828  786867.824
950222 02:59:00  -33.9099812  -61.5250403  785399.385
950222 03:00:00  -30.3721776  -62.5116498  783962.697
