This file contains any messages produced by compilers while
running configure, to aid debugging if configure makes a mistake.

It was created by libfes configure 2.8.0, which was
generated by GNU Autoconf 2.69.  Invocation command line was

  $ ./configure --prefix=/home/rads/altim UTHASH_INC=/home/rads/altim/src/tides/uthash-2.0.2/src NETCDF_INC=/usr/local/include NETCDF_LIB=/usr/local/lib

## --------- ##
## Platform. ##
## --------- ##

hostname = dutlruu
uname -m = x86_64
uname -r = 3.16.7-35-default
uname -s = Linux
uname -v = #1 SMP Sun Feb 7 17:32:21 UTC 2016 (832c776)

/usr/bin/uname -p = x86_64
/bin/uname -X     = unknown

/bin/arch              = x86_64
/usr/bin/arch -k       = unknown
/usr/convex/getsysinfo = unknown
/usr/bin/hostinfo      = unknown
/bin/machine           = unknown
/usr/bin/oslevel       = unknown
/bin/universe          = unknown

PATH: .
PATH: /home/rads/bin
PATH: /home/rads/i386_gfortran.bin
PATH: /home/remko/bin
PATH: /home/remko/i386_gfortran.bin
PATH: /home/rads/bin
PATH: /home/rads/rads4/bin
PATH: /home/rads/altim/bin
PATH: /opt/gmt/bin
PATH: /usr/local/bin
PATH: /usr/local/bin
PATH: /usr/X11/bin
PATH: /usr/bin
PATH: /bin
PATH: /usr/sbin
PATH: /sbin


## ----------- ##
## Core tests. ##
## ----------- ##

configure:2288: checking build system type
configure:2302: result: x86_64-pc-linux-gnu
configure:2322: checking host system type
configure:2335: result: x86_64-pc-linux-gnu
configure:2355: checking target system type
configure:2368: result: x86_64-pc-linux-gnu
configure:2413: checking for a BSD-compatible install
configure:2481: result: /usr/bin/install -c
configure:2492: checking whether build environment is sane
configure:2547: result: yes
configure:2698: checking for a thread-safe mkdir -p
configure:2737: result: /usr/bin/mkdir -p
configure:2744: checking for gawk
configure:2760: found /usr/bin/gawk
configure:2771: result: gawk
configure:2782: checking whether make sets $(MAKE)
configure:2804: result: yes
configure:2833: checking whether make supports nested variables
configure:2850: result: yes
configure:2988: checking for style of include used by make
configure:3016: result: GNU
configure:3087: checking for gcc
configure:3103: found /usr/bin/gcc
configure:3114: result: gcc
configure:3343: checking for C compiler version
configure:3352: gcc --version >&5
gcc (SUSE Linux) 4.8.3 20140627 [gcc-4_8-branch revision 212064]
Copyright (C) 2013 Free Software Foundation, Inc.
This is free software; see the source for copying conditions.  There is NO
warranty; not even for MERCHANTABILITY or FITNESS FOR A PARTICULAR PURPOSE.

configure:3363: $? = 0
configure:3352: gcc -v >&5
Using built-in specs.
COLLECT_GCC=gcc
COLLECT_LTO_WRAPPER=/usr/lib64/gcc/x86_64-suse-linux/4.8/lto-wrapper
Target: x86_64-suse-linux
Configured with: ../configure --prefix=/usr --infodir=/usr/share/info --mandir=/usr/share/man --libdir=/usr/lib64 --libexecdir=/usr/lib64 --enable-languages=c,c++,objc,fortran,obj-c++,java,ada --enable-checking=release --with-gxx-include-dir=/usr/include/c++/4.8 --enable-ssp --disable-libssp --disable-plugin --with-bugurl=http://bugs.opensuse.org/ --with-pkgversion='SUSE Linux' --disable-libgcj --disable-libmudflap --with-slibdir=/lib64 --with-system-zlib --enable-__cxa_atexit --enable-libstdcxx-allocator=new --disable-libstdcxx-pch --enable-version-specific-runtime-libs --enable-linker-build-id --enable-linux-futex --program-suffix=-4.8 --without-system-libunwind --with-arch-32=i586 --with-tune=generic --build=x86_64-suse-linux --host=x86_64-suse-linux
Thread model: posix
gcc version 4.8.3 20140627 [gcc-4_8-branch revision 212064] (SUSE Linux) 
configure:3363: $? = 0
configure:3352: gcc -V >&5
gcc: error: unrecognized command line option '-V'
gcc: fatal error: no input files
compilation terminated.
configure:3363: $? = 1
configure:3352: gcc -qversion >&5
gcc: error: unrecognized command line option '-qversion'
gcc: fatal error: no input files
compilation terminated.
configure:3363: $? = 1
configure:3383: checking whether the C compiler works
configure:3405: gcc    conftest.c  >&5
configure:3409: $? = 0
configure:3457: result: yes
configure:3460: checking for C compiler default output file name
configure:3462: result: a.out
configure:3468: checking for suffix of executables
configure:3475: gcc -o conftest    conftest.c  >&5
configure:3479: $? = 0
configure:3501: result: 
configure:3523: checking whether we are cross compiling
configure:3531: gcc -o conftest    conftest.c  >&5
configure:3535: $? = 0
configure:3542: ./conftest
configure:3546: $? = 0
configure:3561: result: no
configure:3566: checking for suffix of object files
configure:3588: gcc -c   conftest.c >&5
configure:3592: $? = 0
configure:3613: result: o
configure:3617: checking whether we are using the GNU C compiler
configure:3636: gcc -c   conftest.c >&5
configure:3636: $? = 0
configure:3645: result: yes
configure:3654: checking whether gcc accepts -g
configure:3674: gcc -c -g  conftest.c >&5
configure:3674: $? = 0
configure:3715: result: yes
configure:3732: checking for gcc option to accept ISO C89
configure:3795: gcc  -c -g -O2  conftest.c >&5
configure:3795: $? = 0
configure:3808: result: none needed
configure:3833: checking whether gcc understands -c and -o together
configure:3855: gcc -c conftest.c -o conftest2.o
configure:3858: $? = 0
configure:3855: gcc -c conftest.c -o conftest2.o
configure:3858: $? = 0
configure:3870: result: yes
configure:3889: checking dependency style of gcc
configure:4000: result: gcc3
configure:4065: checking for ar
configure:4081: found /usr/bin/ar
configure:4092: result: ar
configure:4118: checking the archiver (ar) interface
configure:4134: gcc -c -g -O2  conftest.c >&5
configure:4134: $? = 0
configure:4136: ar cru libconftest.a conftest.o >&5
configure:4139: $? = 0
configure:4167: result: ar
configure:4233: checking how to print strings
configure:4260: result: printf
configure:4281: checking for a sed that does not truncate output
configure:4345: result: /usr/bin/sed
configure:4363: checking for grep that handles long lines and -e
configure:4421: result: /usr/bin/grep
configure:4426: checking for egrep
configure:4488: result: /usr/bin/grep -E
configure:4493: checking for fgrep
configure:4555: result: /usr/bin/grep -F
configure:4590: checking for ld used by gcc
configure:4657: result: /usr/x86_64-suse-linux/bin/ld
configure:4664: checking if the linker (/usr/x86_64-suse-linux/bin/ld) is GNU ld
configure:4679: result: yes
configure:4691: checking for BSD- or MS-compatible name lister (nm)
configure:4745: result: /usr/bin/nm -B
configure:4875: checking the name lister (/usr/bin/nm -B) interface
configure:4882: gcc -c -g -O2  conftest.c >&5
configure:4885: /usr/bin/nm -B "conftest.o"
configure:4888: output
0000000000000000 B some_variable
configure:4895: result: BSD nm
configure:4898: checking whether ln -s works
configure:4902: result: yes
configure:4910: checking the maximum length of command line arguments
configure:5041: result: 1572864
configure:5089: checking how to convert x86_64-pc-linux-gnu file names to x86_64-pc-linux-gnu format
configure:5129: result: func_convert_file_noop
configure:5136: checking how to convert x86_64-pc-linux-gnu file names to toolchain format
configure:5156: result: func_convert_file_noop
configure:5163: checking for /usr/x86_64-suse-linux/bin/ld option to reload object files
configure:5170: result: -r
configure:5244: checking for objdump
configure:5260: found /usr/bin/objdump
configure:5271: result: objdump
configure:5303: checking how to recognize dependent libraries
configure:5503: result: pass_all
configure:5588: checking for dlltool
configure:5618: result: no
configure:5648: checking how to associate runtime and link libraries
configure:5675: result: printf %s\n
configure:5799: checking for archiver @FILE support
configure:5816: gcc -c -g -O2  conftest.c >&5
configure:5816: $? = 0
configure:5819: ar cru libconftest.a @conftest.lst >&5
configure:5822: $? = 0
configure:5827: ar cru libconftest.a @conftest.lst >&5
ar: conftest.o: No such file or directory
configure:5830: $? = 1
configure:5842: result: @
configure:5900: checking for strip
configure:5916: found /usr/bin/strip
configure:5927: result: strip
configure:5999: checking for ranlib
configure:6015: found /usr/bin/ranlib
configure:6026: result: ranlib
configure:6128: checking command to parse /usr/bin/nm -B output from gcc object
configure:6281: gcc -c -g -O2  conftest.c >&5
configure:6284: $? = 0
configure:6288: /usr/bin/nm -B conftest.o \| sed -n -e 's/^.*[ ]\([ABCDGIRSTW][ABCDGIRSTW]*\)[ ][ ]*\([_A-Za-z][_A-Za-z0-9]*\)$/\1 \2 \2/p' | sed '/ __gnu_lto/d' \> conftest.nm
configure:6291: $? = 0
configure:6357: gcc -o conftest -g -O2   conftest.c conftstm.o >&5
configure:6360: $? = 0
configure:6398: result: ok
configure:6445: checking for sysroot
configure:6475: result: no
configure:6482: checking for a working dd
configure:6520: result: /usr/bin/dd
configure:6524: checking how to truncate binary pipes
configure:6539: result: /usr/bin/dd bs=4096 count=1
configure:6675: gcc -c -g -O2  conftest.c >&5
configure:6678: $? = 0
configure:6868: checking for mt
configure:6884: found /usr/bin/mt
configure:6895: result: mt
configure:6918: checking if mt is a manifest tool
configure:6924: mt '-?'
configure:6932: result: no
configure:7609: checking how to run the C preprocessor
configure:7640: gcc -E  conftest.c
configure:7640: $? = 0
configure:7654: gcc -E  conftest.c
conftest.c:11:28: fatal error: ac_nonexistent.h: No such file or directory
 #include <ac_nonexistent.h>
                            ^
compilation terminated.
configure:7654: $? = 1
configure: failed program was:
| /* confdefs.h */
| #define PACKAGE_NAME "libfes"
| #define PACKAGE_TARNAME "libfes"
| #define PACKAGE_VERSION "2.8.0"
| #define PACKAGE_STRING "libfes 2.8.0"
| #define PACKAGE_BUGREPORT "aviso@oceanobs.com"
| #define PACKAGE_URL ""
| #define PACKAGE "libfes"
| #define VERSION "2.8.0"
| /* end confdefs.h.  */
| #include <ac_nonexistent.h>
configure:7679: result: gcc -E
configure:7699: gcc -E  conftest.c
configure:7699: $? = 0
configure:7713: gcc -E  conftest.c
conftest.c:11:28: fatal error: ac_nonexistent.h: No such file or directory
 #include <ac_nonexistent.h>
                            ^
compilation terminated.
configure:7713: $? = 1
configure: failed program was:
| /* confdefs.h */
| #define PACKAGE_NAME "libfes"
| #define PACKAGE_TARNAME "libfes"
| #define PACKAGE_VERSION "2.8.0"
| #define PACKAGE_STRING "libfes 2.8.0"
| #define PACKAGE_BUGREPORT "aviso@oceanobs.com"
| #define PACKAGE_URL ""
| #define PACKAGE "libfes"
| #define VERSION "2.8.0"
| /* end confdefs.h.  */
| #include <ac_nonexistent.h>
configure:7742: checking for ANSI C header files
configure:7762: gcc -c -g -O2  conftest.c >&5
configure:7762: $? = 0
configure:7835: gcc -o conftest -g -O2   conftest.c  >&5
configure:7835: $? = 0
configure:7835: ./conftest
configure:7835: $? = 0
configure:7846: result: yes
configure:7859: checking for sys/types.h
configure:7859: gcc -c -g -O2  conftest.c >&5
configure:7859: $? = 0
configure:7859: result: yes
configure:7859: checking for sys/stat.h
configure:7859: gcc -c -g -O2  conftest.c >&5
configure:7859: $? = 0
configure:7859: result: yes
configure:7859: checking for stdlib.h
configure:7859: gcc -c -g -O2  conftest.c >&5
configure:7859: $? = 0
configure:7859: result: yes
configure:7859: checking for string.h
configure:7859: gcc -c -g -O2  conftest.c >&5
configure:7859: $? = 0
configure:7859: result: yes
configure:7859: checking for memory.h
configure:7859: gcc -c -g -O2  conftest.c >&5
configure:7859: $? = 0
configure:7859: result: yes
configure:7859: checking for strings.h
configure:7859: gcc -c -g -O2  conftest.c >&5
configure:7859: $? = 0
configure:7859: result: yes
configure:7859: checking for inttypes.h
configure:7859: gcc -c -g -O2  conftest.c >&5
configure:7859: $? = 0
configure:7859: result: yes
configure:7859: checking for stdint.h
configure:7859: gcc -c -g -O2  conftest.c >&5
configure:7859: $? = 0
configure:7859: result: yes
configure:7859: checking for unistd.h
configure:7859: gcc -c -g -O2  conftest.c >&5
configure:7859: $? = 0
configure:7859: result: yes
configure:7873: checking for dlfcn.h
configure:7873: gcc -c -g -O2  conftest.c >&5
configure:7873: $? = 0
configure:7873: result: yes
configure:8129: checking for objdir
configure:8144: result: .libs
configure:8408: checking if gcc supports -fno-rtti -fno-exceptions
configure:8426: gcc -c -g -O2  -fno-rtti -fno-exceptions conftest.c >&5
cc1: warning: command line option '-fno-rtti' is valid for C++/ObjC++ but not for C [enabled by default]
configure:8430: $? = 0
configure:8443: result: no
configure:8801: checking for gcc option to produce PIC
configure:8808: result: -fPIC -DPIC
configure:8816: checking if gcc PIC flag -fPIC -DPIC works
configure:8834: gcc -c -g -O2  -fPIC -DPIC -DPIC conftest.c >&5
configure:8838: $? = 0
configure:8851: result: yes
configure:8880: checking if gcc static flag -static works
configure:8908: result: no
configure:8923: checking if gcc supports -c -o file.o
configure:8944: gcc -c -g -O2  -o out/conftest2.o conftest.c >&5
configure:8948: $? = 0
configure:8970: result: yes
configure:8978: checking if gcc supports -c -o file.o
configure:9025: result: yes
configure:9058: checking whether the gcc linker (/usr/x86_64-suse-linux/bin/ld -m elf_x86_64) supports shared libraries
configure:10321: result: yes
configure:10358: checking whether -lc should be explicitly linked in
configure:10366: gcc -c -g -O2  conftest.c >&5
configure:10369: $? = 0
configure:10384: gcc -shared  -fPIC -DPIC conftest.o  -v -Wl,-soname -Wl,conftest -o conftest 2\>\&1 \| /usr/bin/grep  -lc  \>/dev/null 2\>\&1
configure:10387: $? = 0
configure:10401: result: no
configure:10561: checking dynamic linker characteristics
configure:11142: gcc -o conftest -g -O2   -Wl,-rpath -Wl,/foo conftest.c  >&5
configure:11142: $? = 0
configure:11391: result: GNU/Linux ld.so
configure:11513: checking how to hardcode library paths into programs
configure:11538: result: immediate
configure:12086: checking whether stripping libraries is possible
configure:12091: result: yes
configure:12126: checking if libtool supports shared libraries
configure:12128: result: yes
configure:12131: checking whether to build shared libraries
configure:12156: result: yes
configure:12159: checking whether to build static libraries
configure:12163: result: yes
configure:12252: checking for gcc
configure:12279: result: gcc
configure:12508: checking for C compiler version
configure:12517: gcc --version >&5
gcc (SUSE Linux) 4.8.3 20140627 [gcc-4_8-branch revision 212064]
Copyright (C) 2013 Free Software Foundation, Inc.
This is free software; see the source for copying conditions.  There is NO
warranty; not even for MERCHANTABILITY or FITNESS FOR A PARTICULAR PURPOSE.

configure:12528: $? = 0
configure:12517: gcc -v >&5
Using built-in specs.
COLLECT_GCC=gcc
COLLECT_LTO_WRAPPER=/usr/lib64/gcc/x86_64-suse-linux/4.8/lto-wrapper
Target: x86_64-suse-linux
Configured with: ../configure --prefix=/usr --infodir=/usr/share/info --mandir=/usr/share/man --libdir=/usr/lib64 --libexecdir=/usr/lib64 --enable-languages=c,c++,objc,fortran,obj-c++,java,ada --enable-checking=release --with-gxx-include-dir=/usr/include/c++/4.8 --enable-ssp --disable-libssp --disable-plugin --with-bugurl=http://bugs.opensuse.org/ --with-pkgversion='SUSE Linux' --disable-libgcj --disable-libmudflap --with-slibdir=/lib64 --with-system-zlib --enable-__cxa_atexit --enable-libstdcxx-allocator=new --disable-libstdcxx-pch --enable-version-specific-runtime-libs --enable-linker-build-id --enable-linux-futex --program-suffix=-4.8 --without-system-libunwind --with-arch-32=i586 --with-tune=generic --build=x86_64-suse-linux --host=x86_64-suse-linux
Thread model: posix
gcc version 4.8.3 20140627 [gcc-4_8-branch revision 212064] (SUSE Linux) 
configure:12528: $? = 0
configure:12517: gcc -V >&5
gcc: error: unrecognized command line option '-V'
gcc: fatal error: no input files
compilation terminated.
configure:12528: $? = 1
configure:12517: gcc -qversion >&5
gcc: error: unrecognized command line option '-qversion'
gcc: fatal error: no input files
compilation terminated.
configure:12528: $? = 1
configure:12532: checking whether we are using the GNU C compiler
configure:12560: result: yes
configure:12569: checking whether gcc accepts -g
configure:12630: result: yes
configure:12647: checking for gcc option to accept ISO C89
configure:12723: result: none needed
configure:12748: checking whether gcc understands -c and -o together
configure:12785: result: yes
configure:12804: checking dependency style of gcc
configure:12915: result: gcc3
configure:12935: checking for ar
configure:12962: result: ar
configure:12987: checking for stdlib.h
configure:12987: result: yes
configure:12987: checking for unistd.h
configure:12987: result: yes
configure:12987: checking for sys/param.h
configure:12987: gcc -c -g -O2  conftest.c >&5
configure:12987: $? = 0
configure:12987: result: yes
configure:13007: checking for getpagesize
configure:13007: gcc -o conftest -g -O2   conftest.c  >&5
configure:13007: $? = 0
configure:13007: result: yes
configure:13016: checking for working mmap
configure:13163: gcc -o conftest -g -O2   conftest.c  >&5
configure:13163: $? = 0
configure:13163: ./conftest
configure:13163: $? = 0
configure:13173: result: yes
configure:13186: checking stdarg.h usability
configure:13186: gcc -c -g -O2  conftest.c >&5
configure:13186: $? = 0
configure:13186: result: yes
configure:13186: checking stdarg.h presence
configure:13186: gcc -E  conftest.c
configure:13186: $? = 0
configure:13186: result: yes
configure:13186: checking for stdarg.h
configure:13186: result: yes
configure:13222: checking netcdf.h usability
configure:13222: gcc -c -g -O2  -I/usr/local/include conftest.c >&5
configure:13222: $? = 0
configure:13222: result: yes
configure:13222: checking netcdf.h presence
configure:13222: gcc -E  -I/usr/local/include conftest.c
configure:13222: $? = 0
configure:13222: result: yes
configure:13222: checking for netcdf.h
configure:13222: result: yes
configure:13231: checking for nc_open in -lnetcdf
configure:13256: gcc -o conftest -g -O2  -I/usr/local/include  -L/usr/local/lib conftest.c -lnetcdf   >&5
configure:13256: $? = 0
configure:13265: result: yes
configure:13296: checking uthash.h usability
configure:13296: gcc -c -g -O2  -I/usr/local/include -I/home/rads/altim/src/tides/uthash-2.0.2/src conftest.c >&5
configure:13296: $? = 0
configure:13296: result: yes
configure:13296: checking uthash.h presence
configure:13296: gcc -E  -I/usr/local/include -I/home/rads/altim/src/tides/uthash-2.0.2/src conftest.c
configure:13296: $? = 0
configure:13296: result: yes
configure:13296: checking for uthash.h
configure:13296: result: yes
configure:13315: checking for doxygen
configure:13345: result: no
configure:13475: checking that generated files are newer than configure
configure:13481: result: done
configure:13512: creating ./config.status

## ---------------------- ##
## Running config.status. ##
## ---------------------- ##

This file was extended by libfes config.status 2.8.0, which was
generated by GNU Autoconf 2.69.  Invocation command line was

  CONFIG_FILES    = 
  CONFIG_HEADERS  = 
  CONFIG_LINKS    = 
  CONFIG_COMMANDS = 
  $ ./config.status 

on dutlruu

config.status:1108: creating Makefile
config.status:1108: creating data/Makefile
config.status:1108: creating src/Makefile
config.status:1108: creating test/Makefile
config.status:1108: creating examples/Makefile
config.status:1108: creating src/config.h
config.status:1337: executing depfiles commands
config.status:1337: executing libtool commands

## ---------------- ##
## Cache variables. ##
## ---------------- ##

ac_cv_build=x86_64-pc-linux-gnu
ac_cv_c_compiler_gnu=yes
ac_cv_env_AR_set=
ac_cv_env_AR_value=
ac_cv_env_CC_set=
ac_cv_env_CC_value=
ac_cv_env_CFLAGS_set=
ac_cv_env_CFLAGS_value=
ac_cv_env_CPPFLAGS_set=
ac_cv_env_CPPFLAGS_value=
ac_cv_env_CPP_set=
ac_cv_env_CPP_value=
ac_cv_env_LDFLAGS_set=
ac_cv_env_LDFLAGS_value=
ac_cv_env_LIBS_set=
ac_cv_env_LIBS_value=
ac_cv_env_LT_SYS_LIBRARY_PATH_set=
ac_cv_env_LT_SYS_LIBRARY_PATH_value=
ac_cv_env_NETCDF_INC_set=set
ac_cv_env_NETCDF_INC_value=/usr/local/include
ac_cv_env_NETCDF_LIB_set=set
ac_cv_env_NETCDF_LIB_value=/usr/local/lib
ac_cv_env_UTHASH_INC_set=set
ac_cv_env_UTHASH_INC_value=/home/rads/altim/src/tides/uthash-2.0.2/src
ac_cv_env_build_alias_set=
ac_cv_env_build_alias_value=
ac_cv_env_host_alias_set=
ac_cv_env_host_alias_value=
ac_cv_env_target_alias_set=
ac_cv_env_target_alias_value=
ac_cv_func_getpagesize=yes
ac_cv_func_mmap_fixed_mapped=yes
ac_cv_header_dlfcn_h=yes
ac_cv_header_inttypes_h=yes
ac_cv_header_memory_h=yes
ac_cv_header_netcdf_h=yes
ac_cv_header_stdarg_h=yes
ac_cv_header_stdc=yes
ac_cv_header_stdint_h=yes
ac_cv_header_stdlib_h=yes
ac_cv_header_string_h=yes
ac_cv_header_strings_h=yes
ac_cv_header_sys_param_h=yes
ac_cv_header_sys_stat_h=yes
ac_cv_header_sys_types_h=yes
ac_cv_header_unistd_h=yes
ac_cv_header_uthash_h=yes
ac_cv_host=x86_64-pc-linux-gnu
ac_cv_lib_netcdf_nc_open=yes
ac_cv_objext=o
ac_cv_path_EGREP='/usr/bin/grep -E'
ac_cv_path_FGREP='/usr/bin/grep -F'
ac_cv_path_GREP=/usr/bin/grep
ac_cv_path_SED=/usr/bin/sed
ac_cv_path_install='/usr/bin/install -c'
ac_cv_path_lt_DD=/usr/bin/dd
ac_cv_path_mkdir=/usr/bin/mkdir
ac_cv_prog_AR=ar
ac_cv_prog_AWK=gawk
ac_cv_prog_CPP='gcc -E'
ac_cv_prog_ac_ct_AR=ar
ac_cv_prog_ac_ct_CC=gcc
ac_cv_prog_ac_ct_MANIFEST_TOOL=mt
ac_cv_prog_ac_ct_OBJDUMP=objdump
ac_cv_prog_ac_ct_RANLIB=ranlib
ac_cv_prog_ac_ct_STRIP=strip
ac_cv_prog_cc_c89=
ac_cv_prog_cc_g=yes
ac_cv_prog_make_make_set=yes
ac_cv_target=x86_64-pc-linux-gnu
am_cv_CC_dependencies_compiler_type=gcc3
am_cv_ar_interface=ar
am_cv_make_support_nested_variables=yes
am_cv_prog_cc_c_o=yes
lt_cv_ar_at_file=@
lt_cv_archive_cmds_need_lc=no
lt_cv_deplibs_check_method=pass_all
lt_cv_file_magic_cmd='$MAGIC_CMD'
lt_cv_file_magic_test_file=
lt_cv_ld_reload_flag=-r
lt_cv_nm_interface='BSD nm'
lt_cv_objdir=.libs
lt_cv_path_LD=/usr/x86_64-suse-linux/bin/ld
lt_cv_path_NM='/usr/bin/nm -B'
lt_cv_path_mainfest_tool=no
lt_cv_prog_compiler_c_o=yes
lt_cv_prog_compiler_pic='-fPIC -DPIC'
lt_cv_prog_compiler_pic_works=yes
lt_cv_prog_compiler_rtti_exceptions=no
lt_cv_prog_compiler_static_works=no
lt_cv_prog_gnu_ld=yes
lt_cv_sharedlib_from_linklib_cmd='printf %s\n'
lt_cv_shlibpath_overrides_runpath=yes
lt_cv_sys_global_symbol_pipe='sed -n -e '\''s/^.*[	 ]\([ABCDGIRSTW][ABCDGIRSTW]*\)[	 ][	 ]*\([_A-Za-z][_A-Za-z0-9]*\)$/\1 \2 \2/p'\'' | sed '\''/ __gnu_lto/d'\'''
lt_cv_sys_global_symbol_to_c_name_address='sed -n -e '\''s/^: \(.*\) .*$/  {"\1", (void *) 0},/p'\'' -e '\''s/^[ABCDGIRSTW][ABCDGIRSTW]* .* \(.*\)$/  {"\1", (void *) \&\1},/p'\'''
lt_cv_sys_global_symbol_to_c_name_address_lib_prefix='sed -n -e '\''s/^: \(.*\) .*$/  {"\1", (void *) 0},/p'\'' -e '\''s/^[ABCDGIRSTW][ABCDGIRSTW]* .* \(lib.*\)$/  {"\1", (void *) \&\1},/p'\'' -e '\''s/^[ABCDGIRSTW][ABCDGIRSTW]* .* \(.*\)$/  {"lib\1", (void *) \&\1},/p'\'''
lt_cv_sys_global_symbol_to_cdecl='sed -n -e '\''s/^T .* \(.*\)$/extern int \1();/p'\'' -e '\''s/^[ABCDGIRSTW][ABCDGIRSTW]* .* \(.*\)$/extern char \1;/p'\'''
lt_cv_sys_global_symbol_to_import=
lt_cv_sys_max_cmd_len=1572864
lt_cv_to_host_file_cmd=func_convert_file_noop
lt_cv_to_tool_file_cmd=func_convert_file_noop
lt_cv_truncate_bin='/usr/bin/dd bs=4096 count=1'

## ----------------- ##
## Output variables. ##
## ----------------- ##

ACLOCAL='${SHELL} /home/rads/altim/src/tides/libfes-2.8.0/config/missing aclocal-1.15'
AMDEPBACKSLASH='\'
AMDEP_FALSE='#'
AMDEP_TRUE=''
AMTAR='$${TAR-tar}'
AM_BACKSLASH='\'
AM_DEFAULT_V='$(AM_DEFAULT_VERBOSITY)'
AM_DEFAULT_VERBOSITY='1'
AM_V='$(V)'
AR='ar'
AR_FLAGS='cr'
AUTOCONF='${SHELL} /home/rads/altim/src/tides/libfes-2.8.0/config/missing autoconf'
AUTOHEADER='${SHELL} /home/rads/altim/src/tides/libfes-2.8.0/config/missing autoheader'
AUTOMAKE='${SHELL} /home/rads/altim/src/tides/libfes-2.8.0/config/missing automake-1.15'
AWK='gawk'
CC='gcc'
CCDEPMODE='depmode=gcc3'
CFLAGS='-g -O2'
CPP='gcc -E'
CPPFLAGS=' -I/usr/local/include -I/home/rads/altim/src/tides/uthash-2.0.2/src'
CYGPATH_W='echo'
DEFS='-DHAVE_CONFIG_H'
DEPDIR='.deps'
DLLTOOL='false'
DOXYGEN=''
DSYMUTIL=''
DUMPBIN=''
ECHO_C=''
ECHO_N='-n'
ECHO_T=''
EGREP='/usr/bin/grep -E'
EXEEXT=''
FGREP='/usr/bin/grep -F'
GREP='/usr/bin/grep'
HAVE_DOXYGEN_FALSE=''
HAVE_DOXYGEN_TRUE='#'
INSTALL_DATA='${INSTALL} -m 644'
INSTALL_PROGRAM='${INSTALL}'
INSTALL_SCRIPT='${INSTALL}'
INSTALL_STRIP_PROGRAM='$(install_sh) -c -s'
LD='/usr/x86_64-suse-linux/bin/ld -m elf_x86_64'
LDFLAGS=' -L/usr/local/lib'
LIBOBJS=''
LIBS='-lnetcdf '
LIBTOOL='$(SHELL) $(top_builddir)/libtool'
LIPO=''
LN_S='ln -s'
LTLIBOBJS=''
LT_SYS_LIBRARY_PATH=''
MAKEINFO='${SHELL} /home/rads/altim/src/tides/libfes-2.8.0/config/missing makeinfo'
MANIFEST_TOOL=':'
MKDIR_P='/usr/bin/mkdir -p'
NETCDFLIB=''
NETCDF_INC='/usr/local/include'
NETCDF_LIB='/usr/local/lib'
NM='/usr/bin/nm -B'
NMEDIT=''
OBJDUMP='objdump'
OBJEXT='o'
OTOOL64=''
OTOOL=''
PACKAGE='libfes'
PACKAGE_BUGREPORT='aviso@oceanobs.com'
PACKAGE_NAME='libfes'
PACKAGE_STRING='libfes 2.8.0'
PACKAGE_TARNAME='libfes'
PACKAGE_URL=''
PACKAGE_VERSION='2.8.0'
PATH_SEPARATOR=':'
RANLIB='ranlib'
SED='/usr/bin/sed'
SET_MAKE=''
SHELL='/bin/sh'
STRIP='strip'
UTHASH_INC='/home/rads/altim/src/tides/uthash-2.0.2/src'
VERSION='2.8.0'
ac_ct_AR='ar'
ac_ct_CC='gcc'
ac_ct_DUMPBIN=''
am__EXEEXT_FALSE=''
am__EXEEXT_TRUE='#'
am__fastdepCC_FALSE='#'
am__fastdepCC_TRUE=''
am__include='include'
am__isrc=''
am__leading_dot='.'
am__nodep='_no'
am__quote=''
am__tar='$${TAR-tar} chof - "$$tardir"'
am__untar='$${TAR-tar} xf -'
bindir='${exec_prefix}/bin'
build='x86_64-pc-linux-gnu'
build_alias=''
build_cpu='x86_64'
build_os='linux-gnu'
build_vendor='pc'
datadir='${datarootdir}'
datarootdir='${prefix}/share'
docdir='${datarootdir}/doc/${PACKAGE_TARNAME}'
dvidir='${docdir}'
exec_prefix='${prefix}'
host='x86_64-pc-linux-gnu'
host_alias=''
host_cpu='x86_64'
host_os='linux-gnu'
host_vendor='pc'
htmldir='${docdir}'
includedir='${prefix}/include'
infodir='${datarootdir}/info'
install_sh='${SHELL} /home/rads/altim/src/tides/libfes-2.8.0/config/install-sh'
libdir='${exec_prefix}/lib'
libexecdir='${exec_prefix}/libexec'
localedir='${datarootdir}/locale'
localstatedir='${prefix}/var'
mandir='${datarootdir}/man'
mkdir_p='$(MKDIR_P)'
oldincludedir='/usr/include'
pdfdir='${docdir}'
prefix='/home/rads/altim'
program_transform_name='s,x,x,'
psdir='${docdir}'
runstatedir='${localstatedir}/run'
sbindir='${exec_prefix}/sbin'
sharedstatedir='${prefix}/com'
sysconfdir='${prefix}/etc'
target='x86_64-pc-linux-gnu'
target_alias=''
target_cpu='x86_64'
target_os='linux-gnu'
target_vendor='pc'

## ----------- ##
## confdefs.h. ##
## ----------- ##

/* confdefs.h */
#define PACKAGE_NAME "libfes"
#define PACKAGE_TARNAME "libfes"
#define PACKAGE_VERSION "2.8.0"
#define PACKAGE_STRING "libfes 2.8.0"
#define PACKAGE_BUGREPORT "aviso@oceanobs.com"
#define PACKAGE_URL ""
#define PACKAGE "libfes"
#define VERSION "2.8.0"
#define STDC_HEADERS 1
#define HAVE_SYS_TYPES_H 1
#define HAVE_SYS_STAT_H 1
#define HAVE_STDLIB_H 1
#define HAVE_STRING_H 1
#define HAVE_MEMORY_H 1
#define HAVE_STRINGS_H 1
#define HAVE_INTTYPES_H 1
#define HAVE_STDINT_H 1
#define HAVE_UNISTD_H 1
#define HAVE_DLFCN_H 1
#define LT_OBJDIR ".libs/"
#define HAVE_STDLIB_H 1
#define HAVE_UNISTD_H 1
#define HAVE_SYS_PARAM_H 1
#define HAVE_GETPAGESIZE 1
#define HAVE_MMAP 1
#define HAVE_LIBNETCDF 1

configure: exit 0
