 Initialisation ...please be patient ...
 Used environment variable :
 WAVE_PATH=./
 Reading ASCII files
 trying to read ./q1.fes95.2
   Q1 FES95.2 : FES94.1                                                          
   Wave q1     ok...
 trying to read ./o1.fes95.2
   O1 FES95.2 : Assimilation de CSR2.0 sur FES94.1                               
   Wave o1     ok...
 trying to read ./k1.fes95.2
    K1 from FES95.2. Assimilation of CSR2.0 in FES94.1                           
   Wave k1     ok...
 trying to read ./2n2.fes95.2
    2N2 FES95.2 : 2N2 FES94.1                                                    
   Wave 2n2    ok...
 trying to read ./n2.fes95.2
    N2 FES95.2 : Assimilation de CSR2.0 sur FES94.1                              
   Wave n2     ok...
 trying to read ./m2.fes95.2
    M2 Ocean Tide from FES95.1 Grenoble Model                                    
   Wave m2     ok...
 trying to read ./k2.fes95.2
    K2 FES95.2 : K2 FES94.1                                                      
   Wave k2     ok...
 trying to read ./s2.fes95.2
    S2 FES95.2 : Assimilation de CSR2.0 sur Solution de REFEREN                  
   Wave s2     ok...
 Now ready !!!
CSR 3.0 Diurnal and Semidiurnal Radial Load Tide Orthoweights, 0.5 degree grid  
T/P Cycles 1-89 x 79, From 360x360 expansion, Used Farrell's 1972 Table A2      
 maxiuv= 2330 2807 971 1336 427 376 4788 3525 1462 1303 633 558
 
 -65.4403999999999968 277.801850000000002 48157.4583500000008 27.3993952782970283 27.66669655 1.47396586140062236 -1.74126713156550816
 
 -65.4403999999999968 277.801850000000002 49354.4195899999977 23.1201785523440932 27.32920647 -2.30446354175335610 -1.90456437257735489
 
 -65.4403999999999968 277.801850000000002 50486.2386899999983 57.4621902737665451 64.22299957 -2.80533698160380807 -3.95547231738355354
 
 -65.4403999999999968 60.3459100000000035 48157.4583500000008 -18.7086332309527208 -21.16680336 1.47396586140062236 0.984204267632009966
 
 -65.4403999999999968 60.3459100000000035 49354.4195899999977 -15.7056668178108261 -13.77583313 -2.30446354175335610 0.374629853825343528
 
 -65.4403999999999968 60.3459100000000035 50486.2386899999983 -33.0490731423574360 -31.73029518 -2.80533698160380807 1.48655902052078859
 
 23.6842499999999987 277.801850000000002 48157.4583500000008 -22.6246630998620226 -21.99784279 -0.513217028975849643 -0.113603282189886315
 
 23.6842499999999987 277.801850000000002 49354.4195899999977 -19.4698584222297484 -20.49362564 0.802386244656970060 0.221380973982422513
 
 23.6842499999999987 277.801850000000002 50486.2386899999983 -12.1438792401815814 -13.80355549 0.976784299201257200 0.682891949203586424
 
 23.6842499999999987 60.3459100000000035 48157.4583500000008 -42.0064311089568179 -43.13916779 -0.513217028975849643 1.64595370566356358
 
 23.6842499999999987 60.3459100000000035 49354.4195899999977 16.0160563180983893 15.32458878 0.802386244656970060 -0.110918702193344668
 
 23.6842499999999987 60.3459100000000035 50486.2386899999983 78.4563309960598616 79.88478851 0.976784299201257200 -2.40524181632498513
