 Initialisation ...please be patient ...
 Used environment variable :
 WAVE_PATH=/user2/AGU-TIDE/Grenoble/DATA/FES95.2/
 Reading BIMG files
 trying to read /user2/AGU-TIDE/Grenoble/DATA/FES95.2/q1.fes95.2.bimg
   Q1 FES95.2 : FES94.1                                               
            
 Grenoble Finite Element Solution 95.2 (FES95.2)                      
            
 Assimilation of CSR2.0 solutions for various constituents. See respec
 tive header
 Le Provost, Genco, Lyard, Rabilloud, Molines 6 June 1995             
            
   Wave q1     ok...
 trying to read /user2/AGU-TIDE/Grenoble/DATA/FES95.2/o1.fes95.2.bimg
   O1 FES95.2 : Assimilation de CSR2.0 sur FES94.1                    
            
 Grenoble Finite Element Solution 95.2 (FES95.2)                      
            
 Assimilation of CSR2.0 solutions for various constituents. See respec
 tive header
 Le Provost, Genco, Lyard, Rabilloud, Molines 6 June 1995             
            
   Wave o1     ok...
 trying to read /user2/AGU-TIDE/Grenoble/DATA/FES95.2/k1.fes95.2.bimg
                                                                      
            
 Grenoble Finite Element Solution 95.2 (FES95.2)                      
            
 Assimilation of CSR2.0 solutions for various constituents. See respec
 tive header
 Le Provost, Genco, Lyard, Rabilloud, Molines 6 June 1995             
            
   Wave k1     ok...
 trying to read /user2/AGU-TIDE/Grenoble/DATA/FES95.2/2n2.fes95.2.bimg
    2N2 FES95.2 : 2N2 FES94.1                                         
            
 Grenoble Finite Element Solution 95.2 (FES95.2)                      
            
 Assimilation of CSR2.0 solutions for various constituents. See respec
 tive header
 Le Provost, Genco, Lyard, Rabilloud, Molines 6 June 1995             
            
   Wave 2n2    ok...
 trying to read /user2/AGU-TIDE/Grenoble/DATA/FES95.2/n2.fes95.2.bimg
    N2 FES95.2 : Assimilation de CSR2.0 sur FES94.1                   
            
 Grenoble Finite Element Solution 95.2 (FES95.2)                      
            
 Assimilation of CSR2.0 solutions for various constituents. See respec
 tive header
 Le Provost, Genco, Lyard, Rabilloud, Molines 6 June 1995             
            
   Wave n2     ok...
 trying to read /user2/AGU-TIDE/Grenoble/DATA/FES95.2/m2.fes95.2.bimg
    M2 FES95.2 : Assimilation de CSR2.0 sur FES94.1                   
            
 Grenoble Finite Element Solution 95.2 (FES95.2)                      
            
 Assimilation of CSR2.0 solutions for various constituents. See respec
 tive header
 Le Provost, Genco, Lyard, Rabilloud, Molines 6 June 1995             
            
   Wave m2     ok...
 trying to read /user2/AGU-TIDE/Grenoble/DATA/FES95.2/k2.fes95.2.bimg
    K2 FES95.2 : K2 FES94.1                                           
            
 Grenoble Finite Element Solution 95.2 (FES95.2)                      
            
 Assimilation of CSR2.0 solutions for various constituents. See respec
 tive header
 Le Provost, Genco, Lyard, Rabilloud, Molines 6 June 1995             
            
   Wave k2     ok...
 trying to read /user2/AGU-TIDE/Grenoble/DATA/FES95.2/s2.fes95.2.bimg
    S2 FES95.2 : Assimilation de CSR2.0 sur Solution de REFEREN       
            
 Grenoble Finite Element Solution 95.2 (FES95.2)                      
            
 Assimilation of CSR2.0 solutions for various constituents. See respec
 tive header
 Le Provost, Genco, Lyard, Rabilloud, Molines 6 June 1995             
            
   Wave s2     ok...
 Now ready !!!
 13222 1.0 -144.367 56.13333 70.83651
 13222 2.0 -144.367 56.13333 19.86323
 13222 3.0 -144.367 56.13333 -35.4381
 13222 4.0 -144.367 56.13333 -79.8302
 13222 5.0 -144.367 56.13333 -101.02
 13222 6.0 -144.367 56.13333 -92.8676
 13222 7.0 -144.367 56.13333 -56.9872
 13222 8.0 -144.367 56.13333 -2.34133
 13222 9.0 -144.367 56.13333 57.06694
 13222 10.0 -144.367 56.13333 105.8006
 13222 11.0 -144.367 56.13333 130.9613
 13222 12.0 -144.367 56.13333 125.5064
 13222 13.0 -144.367 56.13333 90.06193
 13222 14.0 -144.367 56.13333 32.77263
 13222 15.0 -144.367 56.13333 -32.7641
 13222 16.0 -144.367 56.13333 -90.9415
 13222 17.0 -144.367 56.13333 -128.078
 13222 18.0 -144.367 56.13333 -135.833
 13222 19.0 -144.367 56.13333 -113.235
 13222 20.0 -144.367 56.13333 -66.8255
 13222 21.0 -144.367 56.13333 -8.88354
 13222 22.0 -144.367 56.13333 45.78334
 13222 23.0 -144.367 56.13333 83.65227
 13222 24.0 -144.367 56.13333 95.91926
 13222 25.0 -144.367 56.13333 80.67562
